Mar-28 23:31:27.845 [main] INFO  com.askimed.nf.test.App - nf-test 0.8.4
Mar-28 23:31:27.916 [main] INFO  com.askimed.nf.test.App - Arguments: [test, /workspace/caganalyzer/tests/main.nf.test, --profile, docker]
Mar-28 23:31:28.950 [main] INFO  com.askimed.nf.test.App - Nextflow Version: 23.10.1
Mar-28 23:31:28.952 [main] INFO  com.askimed.nf.test.commands.RunTestsCommand - Load config from file /workspace/caganalyzer/nf-test.config...
Mar-28 23:31:30.044 [main] INFO  com.askimed.nf.test.commands.RunTestsCommand - Detected 1 test files.
Mar-28 23:31:30.445 [main] WARN  com.askimed.nf.test.config.FileStaging - File '/workspace/caganalyzer/bin' not found. Ignore it.
Mar-28 23:31:30.445 [main] WARN  com.askimed.nf.test.config.FileStaging - File '/workspace/caganalyzer/lib' not found. Ignore it.
Mar-28 23:31:30.445 [main] INFO  com.askimed.nf.test.config.FileStaging - Copy directory '/workspace/caganalyzer/assets' to '/workspace/caganalyzer/.nf-test/tests/18f2f417ffbe1db5622abd221baceae6/meta/assets'
Mar-28 23:31:30.449 [main] DEBUG com.askimed.nf.test.core.AbstractTest - Stage 0 user provided files...
Mar-28 23:31:30.452 [main] INFO  com.askimed.nf.test.core.TestExecutionEngine - Started test plan
Mar-28 23:31:30.453 [main] INFO  com.askimed.nf.test.core.TestExecutionEngine - Running testsuite 'Test pipeline: NFCORE_PHAGEANNOTATOR' from file '/workspace/caganalyzer/tests/main.nf.test'.
Mar-28 23:31:30.453 [main] INFO  com.askimed.nf.test.core.TestExecutionEngine - Run test '18f2f417: Parameters: default'. type: com.askimed.nf.test.lang.pipeline.PipelineTest
Mar-28 23:32:10.832 [main] INFO  com.askimed.nf.test.core.TestExecutionEngine - Test '18f2f417: Parameters: default' finished. status: FAILED
org.codehaus.groovy.runtime.powerassert.PowerAssertionError: 1 of 1 assertions failed
	at com.askimed.nf.test.lang.extensions.GlobalMethods.assertAll(GlobalMethods.java:48)
	at java.base/jdk.internal.reflect.NativeMethodAccessorImpl.invoke0(Native Method)
	at java.base/jdk.internal.reflect.NativeMethodAccessorImpl.invoke(NativeMethodAccessorImpl.java:77)
	at java.base/jdk.internal.reflect.DelegatingMethodAccessorImpl.invoke(DelegatingMethodAccessorImpl.java:43)
	at java.base/java.lang.reflect.Method.invoke(Method.java:568)
	at org.codehaus.groovy.reflection.CachedMethod.invoke(CachedMethod.java:107)
	at groovy.lang.MetaMethod.doMethodInvoke(MetaMethod.java:323)
	at org.codehaus.groovy.runtime.callsite.StaticMetaMethodSite.invoke(StaticMetaMethodSite.java:44)
	at org.codehaus.groovy.runtime.callsite.StaticMetaMethodSite.callStatic(StaticMetaMethodSite.java:100)
	at org.codehaus.groovy.runtime.callsite.CallSiteArray.defaultCallStatic(CallSiteArray.java:55)
	at org.codehaus.groovy.runtime.callsite.AbstractCallSite.callStatic(AbstractCallSite.java:217)
	at org.codehaus.groovy.runtime.callsite.AbstractCallSite.callStatic(AbstractCallSite.java:231)
	at main_nf$_run_closure1$_closure2$_closure4.doCall(main.nf.test:17)
	at main_nf$_run_closure1$_closure2$_closure4.doCall(main.nf.test)
	at java.base/jdk.internal.reflect.NativeMethodAccessorImpl.invoke0(Native Method)
	at java.base/jdk.internal.reflect.NativeMethodAccessorImpl.invoke(NativeMethodAccessorImpl.java:77)
	at java.base/jdk.internal.reflect.DelegatingMethodAccessorImpl.invoke(DelegatingMethodAccessorImpl.java:43)
	at java.base/java.lang.reflect.Method.invoke(Method.java:568)
	at org.codehaus.groovy.reflection.CachedMethod.invoke(CachedMethod.java:107)
	at groovy.lang.MetaMethod.doMethodInvoke(MetaMethod.java:323)
	at org.codehaus.groovy.runtime.metaclass.ClosureMetaClass.invokeMethod(ClosureMetaClass.java:274)
	at groovy.lang.MetaClassImpl.invokeMethod(MetaClassImpl.java:1030)
	at groovy.lang.Closure.call(Closure.java:427)
	at groovy.lang.Closure.call(Closure.java:406)
	at com.askimed.nf.test.lang.TestCode.execute(TestCode.java:16)
	at com.askimed.nf.test.lang.pipeline.PipelineTest.execute(PipelineTest.java:135)
	at com.askimed.nf.test.core.TestExecutionEngine.execute(TestExecutionEngine.java:214)
	at com.askimed.nf.test.commands.RunTestsCommand.execute(RunTestsCommand.java:184)
	at com.askimed.nf.test.commands.AbstractCommand.call(AbstractCommand.java:43)
	at com.askimed.nf.test.commands.AbstractCommand.call(AbstractCommand.java:18)
	at picocli.CommandLine.executeUserObject(CommandLine.java:1953)
	at picocli.CommandLine.access$1300(CommandLine.java:145)
	at picocli.CommandLine$RunLast.executeUserObjectOfLastSubcommandWithSameParent(CommandLine.java:2352)
	at picocli.CommandLine$RunLast.handle(CommandLine.java:2346)
	at picocli.CommandLine$RunLast.handle(CommandLine.java:2311)
	at picocli.CommandLine$AbstractParseResultHandler.execute(CommandLine.java:2179)
	at picocli.CommandLine.execute(CommandLine.java:2078)
	at com.askimed.nf.test.App.run(App.java:44)
	at com.askimed.nf.test.App.main(App.java:51)
Mar-28 23:32:10.837 [main] INFO  com.askimed.nf.test.core.TestExecutionEngine - Testsuite 'Test pipeline: NFCORE_PHAGEANNOTATOR' finished. snapshot file: false, skipped tests: false, failed tests: true
Mar-28 23:32:10.837 [main] INFO  com.askimed.nf.test.core.TestExecutionEngine - Executed 1 tests. 1 tests failed. Done!
